<?xml version="1.0" encoding="UTF-8"?>
<testsuite tests="3" failures="1" time="0.0160106">
    <properties>
        <property name="flag-type" value="bug" />
        <property name="flag-content" value="APPLICATION DEFECT" />
        <property name="Has a name" value="true" />
        <property name="URL" value="/hunter/overall_test.go" />
    </properties>
    <testcase name="Is An Error" classname="Multi Sub" time="0.00075">
        <error message="There was a error" type="java.lang.RuntimeException">java.lang.RuntimeException: There was an error</error>
    </testcase>
    <testcase name="It Is A Failure" classname="Multi Sub" time="0.012011200000000001">
      <failure type="Failure">FILENAME:XX&#xA;Expected&#xA;    &lt;string&gt;: Luke&#xA;to equal&#xA;    &lt;string&gt;: luke</failure>
  </testcase>
  <testcase name="It Is A Pass" classname="Multi Sub" time="0.000625"></testcase>
  <testcase name="It Is Skipped" classname="Multi Sub" time="0">
    <skipped></skipped>
</testcase>
</testsuite>
